<?xml version="1.0" encoding="UTF-8" ?>
<testsuite tests="21" failures="0" name="com.mkyong.hashing.InputOutputServiceTest" time="0.01" errors="0" skipped="0">
  <properties>
[...]
</properties>
  <testcase classname="com.mkyong.hashing.InputOutputServiceTest" name="shouldReturnNotExit" time="0.001"/>
  <testcase classname="com.mkyong.hashing.InputOutputServiceTest" name="shouldReturnNotExistsSecondCommandThenEmptyString" time="0"/>
  <testcase classname="com.mkyong.hashing.InputOutputServiceTest" name="shouldReturnNotExistsFirstCommand" time="0"/>
  <testcase classname="com.mkyong.hashing.InputOutputServiceTest" name="shouldReturnPwdFirstCommand" time="0"/>
  <testcase classname="com.mkyong.hashing.InputOutputServiceTest" name="shouldReturnRootFirstCommand" time="0.002"/>
  <testcase classname="com.mkyong.hashing.InputOutputServiceTest" name="shouldReturnViFirstCommand" time="0.001"/>
  <testcase classname="com.mkyong.hashing.InputOutputServiceTest" name="shouldReturnNotExistsThenUpSecondCommand" time="0"/>
  <testcase classname="com.mkyong.hashing.InputOutputServiceTest" name="shouldReturnStringPathSecondCommandThenEmptyString" time="0"/>
  <testcase classname="com.mkyong.hashing.InputOutputServiceTest" name="shouldReturnNotExistsThenCdSecondCommand" time="0"/>
  <testcase classname="com.mkyong.hashing.InputOutputServiceTest" name="shouldReturnDownFirstCommand" time="0.001"/>
  <testcase classname="com.mkyong.hashing.InputOutputServiceTest" name="shouldReturnNotExistsThenExitSecondCommand" time="0"/>
  <testcase classname="com.mkyong.hashing.InputOutputServiceTest" name="testExitInput" time="0.002"/>
  <testcase classname="com.mkyong.hashing.InputOutputServiceTest" name="shouldReturnNotExistsThenViSecondCommand" time="0"/>
  <testcase classname="com.mkyong.hashing.InputOutputServiceTest" name="shouldReturnExit" time="0.001"/>
  <testcase classname="com.mkyong.hashing.InputOutputServiceTest" name="shouldReturnLsSecondCommand" time="0"/>
  <testcase classname="com.mkyong.hashing.InputOutputServiceTest" name="shouldReturnExitFirstCommand" time="0.001"/>
  <testcase classname="com.mkyong.hashing.InputOutputServiceTest" name="shouldReturnLsFirstCommand" time="0"/>
  <testcase classname="com.mkyong.hashing.InputOutputServiceTest" name="shouldReturnNotExistsThenDownSecondCommand" time="0.001"/>
  <testcase classname="com.mkyong.hashing.InputOutputServiceTest" name="shouldReturnCdFirstCommand" time="0"/>
  <testcase classname="com.mkyong.hashing.InputOutputServiceTest" name="shouldReturnNotExistsFirstCommandThenEmptyString" time="0"/>
  <testcase classname="com.mkyong.hashing.InputOutputServiceTest" name="shouldReturnPwdSecondCommand" time="0"/>
</testsuite>